Arguments: 
  D:\soft\node\node.exe C:\Users\luow\AppData\Roaming\npm\node_modules\yarn\bin\yarn.js add promise - polyfill

PATH: 
  C:\Users\luow\bin;D:\soft\Git\mingw64\bin;D:\soft\Git\usr\local\bin;D:\soft\Git\usr\bin;D:\soft\Git\usr\bin;D:\soft\Git\mingw64\bin;D:\soft\Git\usr\bin;C:\Users\luow\bin;C:\Windows\system32;C:\Windows;C:\Windows\System32\Wbem;C:\Windows\System32\WindowsPowerShell\v1.0;C:\Windows\System32\OpenSSH;D:\soft\Git\cmd;D:\soft\node;D:\soft\mysql\mysql-5.6.42-winx64\bin;C:\Program Files\PuTTY;C:\Users\luow\AppData\Local\Programs\Python\Python37-32\Scripts;C:\Users\luow\AppData\Local\Programs\Python\Python37-32;C:\Users\luow\AppData\Local\Microsoft\WindowsApps;C:\Users\luow\AppData\Roaming\npm;D:\soft\Git\usr\bin\vendor_perl;D:\soft\Git\usr\bin\core_perl

Yarn version: 
  1.10.1

Node version: 
  8.11.1

Platform: 
  win32 x64

Trace: 
  Error: https://registry.yarnpkg.com/-: Not found
      at Request.params.callback [as _callback] (C:\Users\luow\AppData\Roaming\npm\node_modules\yarn\lib\cli.js:61073:18)
      at Request.self.callback (C:\Users\luow\AppData\Roaming\npm\node_modules\yarn\lib\cli.js:120166:22)
      at emitTwo (events.js:126:13)
      at Request.emit (events.js:214:7)
      at Request.<anonymous> (C:\Users\luow\AppData\Roaming\npm\node_modules\yarn\lib\cli.js:121138:10)
      at emitOne (events.js:116:13)
      at Request.emit (events.js:211:7)
      at IncomingMessage.<anonymous> (C:\Users\luow\AppData\Roaming\npm\node_modules\yarn\lib\cli.js:121060:12)
      at Object.onceWrapper (events.js:313:30)
      at emitNone (events.js:111:20)

npm manifest: 
  {
    "name": "ene_wechat",
    "version": "0.0.2",
    "description": "ENE",
    "main": "dist/app.js",
    "scripts": {
      "dev": "wepy build --watch",
      "build": "cross-env NODE_ENV=production wepy build --no-cache",
      "dev:web": "wepy build --output web",
      "clean": "find ./dist -maxdepth 1 -not -name 'project.config.json' -not -name 'dist' | xargs rm -rf",
      "test": "echo \"Error: no test specified\" && exit 1"
    },
    "wepy": {
      "module-a": false,
      "./src/components/list": "./src/components/wepy-list.wpy"
    },
    "author": "",
    "license": "MIT",
    "dependencies": {
      "redux": "^3.7.2",
      "redux-actions": "^2.2.1",
      "redux-promise": "^0.5.3",
      "wepy": "^1.6.0",
      "wepy-async-function": "^1.4.4",
      "wepy-com-toast": "^1.0.2",
      "wepy-redux": "^1.5.3",
      "yarn": "^1.13.0"
    },
    "devDependencies": {
      "babel-eslint": "^7.2.1",
      "babel-plugin-transform-class-properties": "^6.24.1",
      "babel-plugin-transform-decorators-legacy": "^1.3.4",
      "babel-plugin-transform-export-extensions": "^6.22.0",
      "babel-plugin-transform-object-rest-spread": "^6.26.0",
      "babel-preset-env": "^1.6.1",
      "cross-env": "^5.1.3",
      "eslint": "^3.18.0",
      "eslint-config-standard": "^7.1.0",
      "eslint-friendly-formatter": "^2.0.7",
      "eslint-plugin-html": "^2.0.1",
      "eslint-plugin-promise": "^3.5.0",
      "eslint-plugin-standard": "^2.0.1",
      "wepy-eslint": "^1.5.3",
      "less": "^3.8.1",
      "wepy-compiler-babel": "^1.5.1",
      "wepy-compiler-less": "^1.3.10"
    }
  }

yarn manifest: 
  No manifest

Lockfile: 
  No lockfile
